Using pre-set license
Built from '2022.3/staging' branch; Version is '2022.3.26f1 (ec6cd8118806) revision 15494360'; Using compiler version '192829333'; Build Type 'Release'
OS: 'Windows 11  (10.0.22631) 64bit Professional' Language: 'ko' Physical Memory: 65389 MB
BatchMode: 1, IsHumanControllingUs: 0, StartBugReporterOnCrash: 0, Is64bit: 1, IsPro: 1

COMMAND LINE ARGUMENTS:
C:\Program Files\Unity\Hub\Editor\2022.3.26f1\Editor\Unity.exe
-adb2
-batchMode
-noUpm
-name
AssetImportWorker0
-projectPath
C:/Users/rlarl/Documents/GitHub/return_to_catholic/Return_to_Catholic
-logFile
Logs/AssetImportWorker0.log
-srvPort
50676
Successfully changed project path to: C:/Users/rlarl/Documents/GitHub/return_to_catholic/Return_to_Catholic
C:/Users/rlarl/Documents/GitHub/return_to_catholic/Return_to_Catholic
[UnityMemory] Configuration Parameters - Can be set up in boot.config
    "memorysetup-bucket-allocator-granularity=16"
    "memorysetup-bucket-allocator-bucket-count=8"
    "memorysetup-bucket-allocator-block-size=33554432"
    "memorysetup-bucket-allocator-block-count=8"
    "memorysetup-main-allocator-block-size=16777216"
    "memorysetup-thread-allocator-block-size=16777216"
    "memorysetup-gfx-main-allocator-block-size=16777216"
    "memorysetup-gfx-thread-allocator-block-size=16777216"
    "memorysetup-cache-allocator-block-size=4194304"
    "memorysetup-typetree-allocator-block-size=2097152"
    "memorysetup-profiler-bucket-allocator-granularity=16"
    "memorysetup-profiler-bucket-allocator-bucket-count=8"
    "memorysetup-profiler-bucket-allocator-block-size=33554432"
    "memorysetup-profiler-bucket-allocator-block-count=8"
    "memorysetup-profiler-allocator-block-size=16777216"
    "memorysetup-profiler-editor-allocator-block-size=1048576"
    "memorysetup-temp-allocator-size-main=16777216"
    "memorysetup-job-temp-allocator-block-size=2097152"
    "memorysetup-job-temp-allocator-block-size-background=1048576"
    "memorysetup-job-temp-allocator-reduction-small-platforms=262144"
    "memorysetup-allocator-temp-initial-block-size-main=262144"
    "memorysetup-allocator-temp-initial-block-size-worker=262144"
    "memorysetup-temp-allocator-size-background-worker=32768"
    "memorysetup-temp-allocator-size-job-worker=262144"
    "memorysetup-temp-allocator-size-preload-manager=33554432"
    "memorysetup-temp-allocator-size-nav-mesh-worker=65536"
    "memorysetup-temp-allocator-size-audio-worker=65536"
    "memorysetup-temp-allocator-size-cloud-worker=32768"
    "memorysetup-temp-allocator-size-gi-baking-worker=262144"
    "memorysetup-temp-allocator-size-gfx=262144"
Player connection [22908] Host "[IP] 221.139.94.196 [Port] 0 [Flags] 2 [Guid] 2710369186 [EditorId] 2710369186 [Version] 1048832 [Id] WindowsEditor(7,°ÅºÏ¾Æ¾È³ç) [Debug] 1 [PackageName] WindowsEditor [ProjectName] Editor" joined multi-casting on [225.0.0.222:54997]...

Player connection [22908] Host "[IP] 221.139.94.196 [Port] 0 [Flags] 2 [Guid] 2710369186 [EditorId] 2710369186 [Version] 1048832 [Id] WindowsEditor(7,°ÅºÏ¾Æ¾È³ç) [Debug] 1 [PackageName] WindowsEditor [ProjectName] Editor" joined alternative multi-casting on [225.0.0.222:34997]...

[Physics::Module] Initialized MultithreadedJobDispatcher with 15 workers.
Refreshing native plugins compatible for Editor in 13.54 ms, found 4 plugins.
Preloading 0 native plugins for Editor in 0.00 ms.
Initialize engine version: 2022.3.26f1 (ec6cd8118806)
[Subsystems] Discovering subsystems at path C:/Program Files/Unity/Hub/Editor/2022.3.26f1/Editor/Data/Resources/UnitySubsystems
[Subsystems] Discovering subsystems at path C:/Users/rlarl/Documents/GitHub/return_to_catholic/Return_to_Catholic/Assets
GfxDevice: creating device client; threaded=0; jobified=0
Direct3D:
    Version:  Direct3D 11.0 [level 11.1]
    Renderer: NVIDIA GeForce RTX 3070 (ID=0x2484)
    Vendor:   NVIDIA
    VRAM:     8018 MB
    Driver:   31.0.15.5186
Initialize mono
Mono path[0] = 'C:/Program Files/Unity/Hub/Editor/2022.3.26f1/Editor/Data/Managed'
Mono path[1] = 'C:/Program Files/Unity/Hub/Editor/2022.3.26f1/Editor/Data/MonoBleedingEdge/lib/mono/unityjit-win32'
Mono config path = 'C:/Program Files/Unity/Hub/Editor/2022.3.26f1/Editor/Data/MonoBleedingEdge/etc'
Using monoOptions --debugger-agent=transport=dt_socket,embedding=1,server=y,suspend=n,address=127.0.0.1:56500
Begin MonoManager ReloadAssembly
Registering precompiled unity dll's ...
Register platform support module: C:/Program Files/Unity/Hub/Editor/2022.3.26f1/Editor/Data/PlaybackEngines/WebGLSupport/UnityEditor.WebGL.Extensions.dll
Register platform support module: C:/Program Files/Unity/Hub/Editor/2022.3.26f1/Editor/Data/PlaybackEngines/WindowsStandaloneSupport/UnityEditor.WindowsStandalone.Extensions.dll
Registered in 0.010170 seconds.
- Loaded All Assemblies, in  0.395 seconds
Native extension for WindowsStandalone target not found
Native extension for WebGL target not found
Mono: successfully reloaded assembly
- Finished resetting the current domain, in  0.280 seconds
Domain Reload Profiling: 673ms
	BeginReloadAssembly (105ms)
		ExecutionOrderSort (0ms)
		DisableScriptedObjects (0ms)
		BackupInstance (0ms)
		ReleaseScriptingObjects (0ms)
		CreateAndSetChildDomain (1ms)
	RebuildCommonClasses (34ms)
	RebuildNativeTypeToScriptingClass (11ms)
	initialDomainReloadingComplete (62ms)
	LoadAllAssembliesAndSetupDomain (181ms)
		LoadAssemblies (103ms)
		RebuildTransferFunctionScriptingTraits (0ms)
		AnalyzeDomain (179ms)
			TypeCache.Refresh (177ms)
				TypeCache.ScanAssembly (154ms)
			ScanForSourceGeneratedMonoScriptInfo (1ms)
			ResolveRequiredComponents (1ms)
	FinalizeReload (281ms)
		ReleaseScriptCaches (0ms)
		RebuildScriptCaches (0ms)
		SetupLoadedEditorAssemblies (215ms)
			LogAssemblyErrors (0ms)
			InitializePlatformSupportModulesInManaged (12ms)
			SetLoadedEditorAssemblies (5ms)
			RefreshPlugins (0ms)
			BeforeProcessingInitializeOnLoad (2ms)
			ProcessInitializeOnLoadAttributes (146ms)
			ProcessInitializeOnLoadMethodAttributes (50ms)
			AfterProcessingInitializeOnLoad (0ms)
			EditorAssembliesLoaded (0ms)
		ExecutionOrderSort2 (0ms)
		AwakeInstancesAfterBackupRestoration (0ms)
========================================================================
Worker process is ready to serve import requests
Begin MonoManager ReloadAssembly
- Loaded All Assemblies, in  0.929 seconds
Refreshing native plugins compatible for Editor in 5.00 ms, found 4 plugins.
Native extension for WindowsStandalone target not found
Native extension for WebGL target not found
Package Manager log level set to [2]
[Package Manager] Server::EnsureServerProcessIsRunning -- launch failed, reason: Unity was launched with the -noUpm command-line argument
[Package Manager] UpmClient::Send -- Unable to send message (not connected to UPM process).
[Package Manager] Cannot connect to Unity Package Manager local server
Mono: successfully reloaded assembly
- Finished resetting the current domain, in  0.739 seconds
Domain Reload Profiling: 1663ms
	BeginReloadAssembly (175ms)
		ExecutionOrderSort (0ms)
		DisableScriptedObjects (6ms)
		BackupInstance (0ms)
		ReleaseScriptingObjects (0ms)
		CreateAndSetChildDomain (24ms)
	RebuildCommonClasses (46ms)
	RebuildNativeTypeToScriptingClass (10ms)
	initialDomainReloadingComplete (46ms)
	LoadAllAssembliesAndSetupDomain (646ms)
		LoadAssemblies (431ms)
		RebuildTransferFunctionScriptingTraits (0ms)
		AnalyzeDomain (309ms)
			TypeCache.Refresh (247ms)
				TypeCache.ScanAssembly (226ms)
			ScanForSourceGeneratedMonoScriptInfo (33ms)
			ResolveRequiredComponents (28ms)
	FinalizeReload (739ms)
		ReleaseScriptCaches (0ms)
		RebuildScriptCaches (0ms)
		SetupLoadedEditorAssemblies (546ms)
			LogAssemblyErrors (0ms)
			InitializePlatformSupportModulesInManaged (8ms)
			SetLoadedEditorAssemblies (4ms)
			RefreshPlugins (0ms)
			BeforeProcessingInitializeOnLoad (87ms)
			ProcessInitializeOnLoadAttributes (348ms)
			ProcessInitializeOnLoadMethodAttributes (90ms)
			AfterProcessingInitializeOnLoad (8ms)
			EditorAssembliesLoaded (0ms)
		ExecutionOrderSort2 (0ms)
		AwakeInstancesAfterBackupRestoration (7ms)
Launched and connected shader compiler UnityShaderCompiler.exe after 0.04 seconds
Refreshing native plugins compatible for Editor in 5.50 ms, found 4 plugins.
Preloading 0 native plugins for Editor in 0.00 ms.
Unloading 5673 Unused Serialized files (Serialized files now loaded: 0)
Unloading 101 unused Assets / (0.9 MB). Loaded Objects now: 6116.
Memory consumption went from 219.9 MB to 219.0 MB.
Total: 4.152500 ms (FindLiveObjects: 0.598100 ms CreateObjectMapping: 0.521700 ms MarkObjects: 2.625100 ms  DeleteObjects: 0.406000 ms)

AssetImportParameters requested are different than current active one (requested -> active):
  custom:container-demuxer-ogg: 62fdf1f143b41e24485cea50d1cbac27 -> 
  custom:video-codec-MediaFoundation-h265: 746d11721c4dcdbdad8f713fa42b33f4 -> 
  custom:video-decoder-ogg-theora: a1e56fd34408186e4bbccfd4996cb3dc -> 
  custom:framework-win-MediaFoundation: 216162199b28c13a410421893ffa2e32 -> 
  custom:CustomObjectIndexerAttribute: 72b91833f83ae208fae7752999fa3104 -> 
  custom:container-demuxer-webm: 4f35f7cbe854078d1ac9338744f61a02 -> 
  custom:container-muxer-webm: aa71ff27fc2769a1b78a27578f13a17b -> 
  custom:video-decoder-webm-vp8: 9c59270c3fd7afecdb556c50c9e8de78 -> 
  custom:SearchIndexIgnoredProperties: e643bd26f0fe6173181afceb89e7c659 -> 
  custom:AudioImporter_EditorPlatform: d09bf68614088b80899f8185d706f6e7 -> 
  custom:video-encoder-webm-vp8: eb34c28f22e8b96e1ab97ce403110664 -> 
  custom:audio-decoder-ogg-vorbis: bf7c407c2cedff20999df2af8eb42d56 -> 
  custom:audio-encoder-webm-vorbis: bf7c407c2cedff20999df2af8eb42d56 -> 
========================================================================
Received Import Request.
  Time since last request: 7379.130358 seconds.
  path: Assets/Pixel Art City Backgrounds/Backgrounds/City 2 (night)/bg03-LIGHT-CARS.png
  artifactKey: Guid(ea8967f5256e110499acce3f64d024c3) Importer(2089858483,0ecaa5967403d082aa24f35e1b516d23)
Start importing Assets/Pixel Art City Backgrounds/Backgrounds/City 2 (night)/bg03-LIGHT-CARS.png using Guid(ea8967f5256e110499acce3f64d024c3) Importer(2089858483,0ecaa5967403d082aa24f35e1b516d23)  -> (artifact id: '6bf0881186650d705335a36fc4736195') in 0.240647 seconds
Number of updated asset objects reloaded before import = 0
Number of asset objects unloaded after import = 3
========================================================================
Received Import Request.
  Time since last request: 0.000035 seconds.
  path: Assets/Pixel Art City Backgrounds/Backgrounds/City 2 (night)/bg0SKY.png
  artifactKey: Guid(45b6979ae66d9114aad4d08be8f259ae) Importer(2089858483,0ecaa5967403d082aa24f35e1b516d23)
Start importing Assets/Pixel Art City Backgrounds/Backgrounds/City 2 (night)/bg0SKY.png using Guid(45b6979ae66d9114aad4d08be8f259ae) Importer(2089858483,0ecaa5967403d082aa24f35e1b516d23)  -> (artifact id: '85782fe1c4c1832a1c584e7a95150d62') in 0.018510 seconds
Number of updated asset objects reloaded before import = 0
Number of asset objects unloaded after import = 3
========================================================================
Received Import Request.
  Time since last request: 0.000021 seconds.
  path: Assets/Pixel Art City Backgrounds/Backgrounds/City 2 (night)/bg04street.png
  artifactKey: Guid(c182167d6e6848442b2e05da05f6fa5f) Importer(2089858483,0ecaa5967403d082aa24f35e1b516d23)
Start importing Assets/Pixel Art City Backgrounds/Backgrounds/City 2 (night)/bg04street.png using Guid(c182167d6e6848442b2e05da05f6fa5f) Importer(2089858483,0ecaa5967403d082aa24f35e1b516d23)  -> (artifact id: 'dd09f1815b0ac9f9cc01507890999164') in 0.020042 seconds
Number of updated asset objects reloaded before import = 0
Number of asset objects unloaded after import = 3
========================================================================
Received Import Request.
  Time since last request: 0.000016 seconds.
  path: Assets/Pixel Art City Backgrounds/Backgrounds/City 3 (sunset)/bg0Clounds.png
  artifactKey: Guid(01f333db949eaf241894647749336012) Importer(2089858483,0ecaa5967403d082aa24f35e1b516d23)
Start importing Assets/Pixel Art City Backgrounds/Backgrounds/City 3 (sunset)/bg0Clounds.png using Guid(01f333db949eaf241894647749336012) Importer(2089858483,0ecaa5967403d082aa24f35e1b516d23)  -> (artifact id: '9ad6bcd732a451c8c602a593a8875bdd') in 0.025819 seconds
Number of updated asset objects reloaded before import = 0
Number of asset objects unloaded after import = 3
========================================================================
Received Import Request.
  Time since last request: 0.000026 seconds.
  path: Assets/Pixel Art City Backgrounds/Backgrounds/City 2 (sunset)/lights02.png
  artifactKey: Guid(1e245f77704d135438a3b4703022309d) Importer(2089858483,0ecaa5967403d082aa24f35e1b516d23)
Start importing Assets/Pixel Art City Backgrounds/Backgrounds/City 2 (sunset)/lights02.png using Guid(1e245f77704d135438a3b4703022309d) Importer(2089858483,0ecaa5967403d082aa24f35e1b516d23)  -> (artifact id: '5e6c930f7a66f648b0fbbe76a856f137') in 0.023647 seconds
Number of updated asset objects reloaded before import = 0
Number of asset objects unloaded after import = 3
========================================================================
Received Import Request.
  Time since last request: 0.000018 seconds.
  path: Assets/Pixel Art City Backgrounds/Backgrounds/City 2 (night)/bg0moon-and-stars.png
  artifactKey: Guid(c793ae5a74f1e0a43988b42932bc708d) Importer(2089858483,0ecaa5967403d082aa24f35e1b516d23)
Start importing Assets/Pixel Art City Backgrounds/Backgrounds/City 2 (night)/bg0moon-and-stars.png using Guid(c793ae5a74f1e0a43988b42932bc708d) Importer(2089858483,0ecaa5967403d082aa24f35e1b516d23)  -> (artifact id: '2c2dc56b34dba3ec281b53ce1849b77c') in 0.020654 seconds
Number of updated asset objects reloaded before import = 0
Number of asset objects unloaded after import = 3
========================================================================
Received Import Request.
  Time since last request: 0.000020 seconds.
  path: Assets/Pixel Art City Backgrounds/Backgrounds/City 1 (night)/bg0moon-and-stars.png
  artifactKey: Guid(16fd2dec5767d214fb48f999814f281b) Importer(2089858483,0ecaa5967403d082aa24f35e1b516d23)
Start importing Assets/Pixel Art City Backgrounds/Backgrounds/City 1 (night)/bg0moon-and-stars.png using Guid(16fd2dec5767d214fb48f999814f281b) Importer(2089858483,0ecaa5967403d082aa24f35e1b516d23)  -> (artifact id: '8777ff69b2cb3b76c5d07f591ab82cea') in 0.024881 seconds
Number of updated asset objects reloaded before import = 0
Number of asset objects unloaded after import = 3
========================================================================
Received Import Request.
  Time since last request: 0.000021 seconds.
  path: Assets/Pixel Art City Backgrounds/Backgrounds/City 2 (night)/bg03.png
  artifactKey: Guid(3685948b92c4afb4cb9aa301e6b76762) Importer(2089858483,0ecaa5967403d082aa24f35e1b516d23)
Start importing Assets/Pixel Art City Backgrounds/Backgrounds/City 2 (night)/bg03.png using Guid(3685948b92c4afb4cb9aa301e6b76762) Importer(2089858483,0ecaa5967403d082aa24f35e1b516d23)  -> (artifact id: 'd1891fa465ea247d540dba0f19675846') in 0.019810 seconds
Number of updated asset objects reloaded before import = 0
Number of asset objects unloaded after import = 3
========================================================================
Received Import Request.
  Time since last request: 0.000022 seconds.
  path: Assets/Pixel Art City Backgrounds/Backgrounds/city 1 (day)/bg03.png
  artifactKey: Guid(8afa1f1a9ef31e842aa71a70ea184fbe) Importer(2089858483,0ecaa5967403d082aa24f35e1b516d23)
Start importing Assets/Pixel Art City Backgrounds/Backgrounds/city 1 (day)/bg03.png using Guid(8afa1f1a9ef31e842aa71a70ea184fbe) Importer(2089858483,0ecaa5967403d082aa24f35e1b516d23)  -> (artifact id: '6107d36f27d72ce7f138680f6488c5be') in 0.018722 seconds
Number of updated asset objects reloaded before import = 0
Number of asset objects unloaded after import = 3
========================================================================
Received Import Request.
  Time since last request: 0.000034 seconds.
  path: Assets/Pixel Art City Backgrounds/Backgrounds/City 3 (day)/bg0Clounds.png
  artifactKey: Guid(4309af2ff94661f4d9175edd16f9f957) Importer(2089858483,0ecaa5967403d082aa24f35e1b516d23)
Start importing Assets/Pixel Art City Backgrounds/Backgrounds/City 3 (day)/bg0Clounds.png using Guid(4309af2ff94661f4d9175edd16f9f957) Importer(2089858483,0ecaa5967403d082aa24f35e1b516d23)  -> (artifact id: '6a63e4d83a8ca7ab3f623191025fb7f2') in 0.026319 seconds
Number of updated asset objects reloaded before import = 0
Number of asset objects unloaded after import = 3
========================================================================
Received Import Request.
  Time since last request: 0.000015 seconds.
  path: Assets/Pixel Art City Backgrounds/Backgrounds/City 2/lights03.png
  artifactKey: Guid(c28c7ac6be26ded4699dbb367c7fd7e8) Importer(2089858483,0ecaa5967403d082aa24f35e1b516d23)
Start importing Assets/Pixel Art City Backgrounds/Backgrounds/City 2/lights03.png using Guid(c28c7ac6be26ded4699dbb367c7fd7e8) Importer(2089858483,0ecaa5967403d082aa24f35e1b516d23)  -> (artifact id: '373752db5208d243b5bb81489ccfbef4') in 0.024376 seconds
Number of updated asset objects reloaded before import = 0
Number of asset objects unloaded after import = 3
========================================================================
Received Import Request.
  Time since last request: 0.000017 seconds.
  path: Assets/Pixel Art City Backgrounds/Backgrounds/City 2 (sunset)/bg0SKY.png
  artifactKey: Guid(06a4c4512993f364aab704fbd12d3f0b) Importer(2089858483,0ecaa5967403d082aa24f35e1b516d23)
Start importing Assets/Pixel Art City Backgrounds/Backgrounds/City 2 (sunset)/bg0SKY.png using Guid(06a4c4512993f364aab704fbd12d3f0b) Importer(2089858483,0ecaa5967403d082aa24f35e1b516d23)  -> (artifact id: '600e21a6defeb6a4a64294579502df12') in 0.019803 seconds
Number of updated asset objects reloaded before import = 0
Number of asset objects unloaded after import = 3
========================================================================
Received Import Request.
  Time since last request: 0.000019 seconds.
  path: Assets/Pixel Art City Backgrounds/Backgrounds/city 1 (day)/bg02.png
  artifactKey: Guid(dc7f45b24fe49e349a48100d12b26b48) Importer(2089858483,0ecaa5967403d082aa24f35e1b516d23)
Start importing Assets/Pixel Art City Backgrounds/Backgrounds/city 1 (day)/bg02.png using Guid(dc7f45b24fe49e349a48100d12b26b48) Importer(2089858483,0ecaa5967403d082aa24f35e1b516d23)  -> (artifact id: 'eaa386c7e131e3482a9b747f1f74e333') in 0.025513 seconds
Number of updated asset objects reloaded before import = 0
Number of asset objects unloaded after import = 3
========================================================================
Received Import Request.
  Time since last request: 0.000025 seconds.
  path: Assets/Pixel Art City Backgrounds/Backgrounds/City 1 (night)/bg03.png
  artifactKey: Guid(e8fec2c72f082534c9668a69e22a840e) Importer(2089858483,0ecaa5967403d082aa24f35e1b516d23)
Start importing Assets/Pixel Art City Backgrounds/Backgrounds/City 1 (night)/bg03.png using Guid(e8fec2c72f082534c9668a69e22a840e) Importer(2089858483,0ecaa5967403d082aa24f35e1b516d23)  -> (artifact id: '08264c6a773285f074f49da68aca6967') in 0.016750 seconds
Number of updated asset objects reloaded before import = 0
Number of asset objects unloaded after import = 3
========================================================================
Received Import Request.
  Time since last request: 0.000017 seconds.
  path: Assets/Settings/Renderer2D.asset
  artifactKey: Guid(424799608f7334c24bf367e4bbfa7f9a) Importer(2089858483,0ecaa5967403d082aa24f35e1b516d23)
Start importing Assets/Settings/Renderer2D.asset using Guid(424799608f7334c24bf367e4bbfa7f9a) Importer(2089858483,0ecaa5967403d082aa24f35e1b516d23)  -> (artifact id: '5ad227626bb0f1c8f9acbc860d0b540f') in 0.036629 seconds
Number of updated asset objects reloaded before import = 0
Number of asset objects unloaded after import = 1
========================================================================
Received Import Request.
  Time since last request: 0.000025 seconds.
  path: Assets/Pixel Art City Backgrounds/Backgrounds/City 2/lights02.png
  artifactKey: Guid(8d0a4fed06a44c9439efa9c75468d65c) Importer(2089858483,0ecaa5967403d082aa24f35e1b516d23)
Start importing Assets/Pixel Art City Backgrounds/Backgrounds/City 2/lights02.png using Guid(8d0a4fed06a44c9439efa9c75468d65c) Importer(2089858483,0ecaa5967403d082aa24f35e1b516d23)  -> (artifact id: '47cafae15b7c572f24f01876cdfe0d70') in 0.022743 seconds
Number of updated asset objects reloaded before import = 0
Number of asset objects unloaded after import = 3
========================================================================
Received Import Request.
  Time since last request: 0.000022 seconds.
  path: Assets/Pixel Art City Backgrounds/Backgrounds/City 3 (night)/bg08.png
  artifactKey: Guid(1914e8b47cf06724aa5767da23829b32) Importer(2089858483,0ecaa5967403d082aa24f35e1b516d23)
Start importing Assets/Pixel Art City Backgrounds/Backgrounds/City 3 (night)/bg08.png using Guid(1914e8b47cf06724aa5767da23829b32) Importer(2089858483,0ecaa5967403d082aa24f35e1b516d23)  -> (artifact id: 'ab59da040d804b739b5d989302ba2928') in 0.026001 seconds
Number of updated asset objects reloaded before import = 0
Number of asset objects unloaded after import = 3
========================================================================
Received Import Request.
  Time since last request: 0.000037 seconds.
  path: Assets/Pixel Art City Backgrounds/Backgrounds/City 2 (sunset)/bg0moon-and-stars.png
  artifactKey: Guid(fe9e1771477bfd549a421266be88a7fb) Importer(2089858483,0ecaa5967403d082aa24f35e1b516d23)
Start importing Assets/Pixel Art City Backgrounds/Backgrounds/City 2 (sunset)/bg0moon-and-stars.png using Guid(fe9e1771477bfd549a421266be88a7fb) Importer(2089858483,0ecaa5967403d082aa24f35e1b516d23)  -> (artifact id: '1b978268bed3eb0e98eee06b1a4371ab') in 0.022625 seconds
Number of updated asset objects reloaded before import = 0
Number of asset objects unloaded after import = 3
========================================================================
Received Import Request.
  Time since last request: 0.000018 seconds.
  path: Assets/Pixel Art City Backgrounds/Backgrounds/City 2 (sunset)/bg02.png
  artifactKey: Guid(c1b336d9882c46e4a83fc3d84143b498) Importer(2089858483,0ecaa5967403d082aa24f35e1b516d23)
Start importing Assets/Pixel Art City Backgrounds/Backgrounds/City 2 (sunset)/bg02.png using Guid(c1b336d9882c46e4a83fc3d84143b498) Importer(2089858483,0ecaa5967403d082aa24f35e1b516d23)  -> (artifact id: '956fd85a681f40daf325af8dd442cbe4') in 0.024359 seconds
Number of updated asset objects reloaded before import = 0
Number of asset objects unloaded after import = 3
========================================================================
Received Import Request.
  Time since last request: 0.000021 seconds.
  path: Assets/Pixel Art City Backgrounds/Backgrounds/City 3 (sunset.night)/bg0Clounds02.png
  artifactKey: Guid(cf4216ecb10354744a3bbc1f4b7714c6) Importer(2089858483,0ecaa5967403d082aa24f35e1b516d23)
Start importing Assets/Pixel Art City Backgrounds/Backgrounds/City 3 (sunset.night)/bg0Clounds02.png using Guid(cf4216ecb10354744a3bbc1f4b7714c6) Importer(2089858483,0ecaa5967403d082aa24f35e1b516d23)  -> (artifact id: 'f505762609b52f655aa69f677485482c') in 0.020701 seconds
Number of updated asset objects reloaded before import = 0
Number of asset objects unloaded after import = 3
========================================================================
Received Import Request.
  Time since last request: 0.000020 seconds.
  path: Assets/Pixel Art City Backgrounds/Backgrounds/City 3 (sunset.night)/bg0Clounds.png
  artifactKey: Guid(3e49bb38ace796b42a127adade27e461) Importer(2089858483,0ecaa5967403d082aa24f35e1b516d23)
Start importing Assets/Pixel Art City Backgrounds/Backgrounds/City 3 (sunset.night)/bg0Clounds.png using Guid(3e49bb38ace796b42a127adade27e461) Importer(2089858483,0ecaa5967403d082aa24f35e1b516d23)  -> (artifact id: '9961408b3da609d2b7755a5f40819d6a') in 0.034165 seconds
Number of updated asset objects reloaded before import = 0
Number of asset objects unloaded after import = 3
========================================================================
Received Import Request.
  Time since last request: 0.000017 seconds.
  path: Assets/Pixel Art City Backgrounds/Backgrounds/City 3 (sunset)/bg02.png
  artifactKey: Guid(df4b8a0c567c3d04fb9874b5626f7fd2) Importer(2089858483,0ecaa5967403d082aa24f35e1b516d23)
Start importing Assets/Pixel Art City Backgrounds/Backgrounds/City 3 (sunset)/bg02.png using Guid(df4b8a0c567c3d04fb9874b5626f7fd2) Importer(2089858483,0ecaa5967403d082aa24f35e1b516d23)  -> (artifact id: '136c41e8708e8864f6cf2ee3d864bd9b') in 0.022584 seconds
Number of updated asset objects reloaded before import = 0
Number of asset objects unloaded after import = 3
========================================================================
Received Import Request.
  Time since last request: 0.000018 seconds.
  path: Assets/Pixel Art City Backgrounds/Backgrounds/City 1/bg02.png
  artifactKey: Guid(e92c385dcc6e28a4db796bf55fdd6218) Importer(2089858483,0ecaa5967403d082aa24f35e1b516d23)
Start importing Assets/Pixel Art City Backgrounds/Backgrounds/City 1/bg02.png using Guid(e92c385dcc6e28a4db796bf55fdd6218) Importer(2089858483,0ecaa5967403d082aa24f35e1b516d23)  -> (artifact id: '061fdf4a57df865f2302d7f7cbc12749') in 0.020833 seconds
Number of updated asset objects reloaded before import = 0
Number of asset objects unloaded after import = 3
========================================================================
Received Import Request.
  Time since last request: 0.000017 seconds.
  path: Assets/Pixel Art City Backgrounds/Backgrounds/City 3 (day)/bg01.png
  artifactKey: Guid(737021e86d9b7e84297c4dc29c18a3fc) Importer(2089858483,0ecaa5967403d082aa24f35e1b516d23)
Start importing Assets/Pixel Art City Backgrounds/Backgrounds/City 3 (day)/bg01.png using Guid(737021e86d9b7e84297c4dc29c18a3fc) Importer(2089858483,0ecaa5967403d082aa24f35e1b516d23)  -> (artifact id: '88266390f33b899cb950c6077fd5b1ce') in 0.017366 seconds
Number of updated asset objects reloaded before import = 0
Number of asset objects unloaded after import = 3
========================================================================
Received Import Request.
  Time since last request: 0.000052 seconds.
  path: Assets/Settings/Scenes/URP2DSceneTemplate.unity
  artifactKey: Guid(2cda990e2423bbf4892e6590ba056729) Importer(2089858483,0ecaa5967403d082aa24f35e1b516d23)
Start importing Assets/Settings/Scenes/URP2DSceneTemplate.unity using Guid(2cda990e2423bbf4892e6590ba056729) Importer(2089858483,0ecaa5967403d082aa24f35e1b516d23)  -> (artifact id: 'fab0aeff6e42be6e8f7bd5b5e6f3800e') in 0.010627 seconds
Number of updated asset objects reloaded before import = 0
Number of asset objects unloaded after import = 1
========================================================================
Received Import Request.
  Time since last request: 0.000025 seconds.
  path: Assets/Pixel Art City Backgrounds/Backgrounds/City 2 (night)/lights01.png
  artifactKey: Guid(b2434c67f13fd004187f34aed47e7bad) Importer(2089858483,0ecaa5967403d082aa24f35e1b516d23)
Start importing Assets/Pixel Art City Backgrounds/Backgrounds/City 2 (night)/lights01.png using Guid(b2434c67f13fd004187f34aed47e7bad) Importer(2089858483,0ecaa5967403d082aa24f35e1b516d23)  -> (artifact id: '34b2492b4b935d2edd2c96b9ed4c780d') in 0.019492 seconds
Number of updated asset objects reloaded before import = 0
Number of asset objects unloaded after import = 3
========================================================================
Received Import Request.
  Time since last request: 0.000023 seconds.
  path: Assets/Pixel Art City Backgrounds/Backgrounds/City 3 (sunset.night)/bg04.png
  artifactKey: Guid(06ef87fbae307b744ae893363a4a6dd4) Importer(2089858483,0ecaa5967403d082aa24f35e1b516d23)
Start importing Assets/Pixel Art City Backgrounds/Backgrounds/City 3 (sunset.night)/bg04.png using Guid(06ef87fbae307b744ae893363a4a6dd4) Importer(2089858483,0ecaa5967403d082aa24f35e1b516d23)  -> (artifact id: 'a19cf08093f660e1e1802a569ac581b3') in 0.017882 seconds
Number of updated asset objects reloaded before import = 0
Number of asset objects unloaded after import = 3
========================================================================
Received Import Request.
  Time since last request: 0.000019 seconds.
  path: Assets/Pixel Art City Backgrounds/Backgrounds/City 2 (night)/lights03.png
  artifactKey: Guid(ca701dfe0dba7ae499d080d7749a45e6) Importer(2089858483,0ecaa5967403d082aa24f35e1b516d23)
Start importing Assets/Pixel Art City Backgrounds/Backgrounds/City 2 (night)/lights03.png using Guid(ca701dfe0dba7ae499d080d7749a45e6) Importer(2089858483,0ecaa5967403d082aa24f35e1b516d23)  -> (artifact id: 'c81f4021c5c1c40c0f9898f5ec4a9abc') in 0.025862 seconds
Number of updated asset objects reloaded before import = 0
Number of asset objects unloaded after import = 3
========================================================================
Received Import Request.
  Time since last request: 0.000018 seconds.
  path: Assets/Pixel Art City Backgrounds/Backgrounds/City 3 (sunset.night)/bg08.png
  artifactKey: Guid(41cd3d51dabaf3645b9d05947107f80a) Importer(2089858483,0ecaa5967403d082aa24f35e1b516d23)
Start importing Assets/Pixel Art City Backgrounds/Backgrounds/City 3 (sunset.night)/bg08.png using Guid(41cd3d51dabaf3645b9d05947107f80a) Importer(2089858483,0ecaa5967403d082aa24f35e1b516d23)  -> (artifact id: '7bb8763a34afdc9f3e663ae760c60694') in 0.018208 seconds
Number of updated asset objects reloaded before import = 0
Number of asset objects unloaded after import = 3
========================================================================
Received Import Request.
  Time since last request: 0.000016 seconds.
  path: Assets/Pixel Art City Backgrounds/Backgrounds/City 2 (night)/lights02.png
  artifactKey: Guid(602c76313d3a3c04a88d73ecccd5b0b5) Importer(2089858483,0ecaa5967403d082aa24f35e1b516d23)
Start importing Assets/Pixel Art City Backgrounds/Backgrounds/City 2 (night)/lights02.png using Guid(602c76313d3a3c04a88d73ecccd5b0b5) Importer(2089858483,0ecaa5967403d082aa24f35e1b516d23)  -> (artifact id: 'c56d2e58898a8df61dc965651ef7e885') in 0.021916 seconds
Number of updated asset objects reloaded before import = 0
Number of asset objects unloaded after import = 3
